<?xml version='1.0' encoding='UTF-8'?>
<testsuite hostname="unknown-78-31-c1-d0-95-3a.home" name="exercise1.NameMatchSpec" tests="9" errors="0" failures="0" time="0.039">
                <properties>
[...]
</properties>
                <testcase classname="exercise1.NameMatchSpec" name="find should find the name James" time="0.036"> 
                    </testcase><testcase classname="exercise1.NameMatchSpec" name="find should find the name Helen" time="0.0"> 
                    </testcase><testcase classname="exercise1.NameMatchSpec" name="find should find the name Garnet" time="0.001"> 
                    </testcase><testcase classname="exercise1.NameMatchSpec" name="find should not find the name Bernie" time="0.001"> 
                    </testcase><testcase classname="exercise1.NameMatchSpec" name="greet should return good morning Mark" time="0.0"> 
                    </testcase><testcase classname="exercise1.NameMatchSpec" name="greet should return good afternoon Hazel" time="0.001"> 
                    </testcase><testcase classname="exercise1.NameMatchSpec" name="greet should return good evening Alice" time="0.0"> 
                    </testcase><testcase classname="exercise1.NameMatchSpec" name="greet should return good night Arthur" time="0.0"> 
                    </testcase><testcase classname="exercise1.NameMatchSpec" name="greet should not find the geeting Nos da" time="0.0"> 
                    </testcase>
                <system-out></system-out>
                <system-err></system-err>
                </testsuite>